# JRE version: Java(TM) SE Runtime Environment (8.0_144-b01) (build 1.8.0_144-b01)
# Java VM: Java HotSpot(TM) 64-Bit Server VM (25.144-b01 mixed mode linux-amd64 compressed oops)
Heap:
 par new generation   total 314560K, used 7738K [0x00000000c0000000, 0x00000000d5550000, 0x00000000d5550000)
  eden space 279616K,   2% used [0x00000000c0000000, 0x00000000c078ea58, 0x00000000d1110000)
  from space 34944K,   0% used [0x00000000d1110000, 0x00000000d1110000, 0x00000000d3330000)
  to   space 34944K,   0% used [0x00000000d3330000, 0x00000000d3330000, 0x00000000d5550000)
 concurrent mark-sweep generation total 699072K, used 300193K [0x00000000d5550000, 0x0000000100000000, 0x0000000100000000)
 Metaspace       used 49927K, capacity 50389K, committed 50816K, reserved 1093632K
  class space    used 6023K, capacity 6157K, committed 6272K, reserved 1048576K
GC Heap History (10 events):
Event: 37,787 GC heap after
Heap after GC invocations=29 (full 12):
 par new generation   total 314560K, used 19057K [0x00000000c0000000, 0x00000000d5550000, 0x00000000d5550000)
  eden space 279616K,   0% used [0x00000000c0000000, 0x00000000c0000000, 0x00000000d1110000)
  from space 34944K,  54% used [0x00000000d3330000, 0x00000000d45cc5e8, 0x00000000d5550000)
  to   space 34944K,   0% used [0x00000000d1110000, 0x00000000d1110000, 0x00000000d3330000)
 concurrent mark-sweep generation total 699072K, used 298594K [0x00000000d5550000, 0x0000000100000000, 0x0000000100000000)
 Metaspace       used 49321K, capacity 49717K, committed 49920K, reserved 1093632K
  class space    used 6004K, capacity 6125K, committed 6144K, reserved 1048576K
}
Event: 40,978 GC heap before
{Heap before GC invocations=29 (full 12):
 par new generation   total 314560K, used 298673K [0x00000000c0000000, 0x00000000d5550000, 0x00000000d5550000)
  eden space 279616K, 100% used [0x00000000c0000000, 0x00000000d1110000, 0x00000000d1110000)
  from space 34944K,  54% used [0x00000000d3330000, 0x00000000d45cc5e8, 0x00000000d5550000)
  to   space 34944K,   0% used [0x00000000d1110000, 0x00000000d1110000, 0x00000000d3330000)
 concurrent mark-sweep generation total 699072K, used 298594K [0x00000000d5550000, 0x0000000100000000, 0x0000000100000000)
 Metaspace       used 49549K, capacity 49973K, committed 50176K, reserved 1093632K
  class space    used 6010K, capacity 6125K, committed 6144K, reserved 1048576K
Event: 40,990 GC heap after
Heap after GC invocations=30 (full 12):
 par new generation   total 314560K, used 17815K [0x00000000c0000000, 0x00000000d5550000, 0x00000000d5550000)
  eden space 279616K,   0% used [0x00000000c0000000, 0x00000000c0000000, 0x00000000d1110000)
  from space 34944K,  50% used [0x00000000d1110000, 0x00000000d2275e90, 0x00000000d3330000)
  to   space 34944K,   0% used [0x00000000d3330000, 0x00000000d3330000, 0x00000000d5550000)
 concurrent mark-sweep generation total 699072K, used 298594K [0x00000000d5550000, 0x0000000100000000, 0x0000000100000000)
 Metaspace       used 49549K, capacity 49973K, committed 50176K, reserved 1093632K
  class space    used 6010K, capacity 6125K, committed 6144K, reserved 1048576K
}
Event: 44,475 GC heap before
{Heap before GC invocations=30 (full 12):
 par new generation   total 314560K, used 297431K [0x00000000c0000000, 0x00000000d5550000, 0x00000000d5550000)
  eden space 279616K, 100% used [0x00000000c0000000, 0x00000000d1110000, 0x00000000d1110000)
  from space 34944K,  50% used [0x00000000d1110000, 0x00000000d2275e90, 0x00000000d3330000)
  to   space 34944K,   0% used [0x00000000d3330000, 0x00000000d3330000, 0x00000000d5550000)
 concurrent mark-sweep generation total 699072K, used 298102K [0x00000000d5550000, 0x0000000100000000, 0x0000000100000000)
 Metaspace       used 49636K, capacity 50037K, committed 50432K, reserved 1093632K
  class space    used 6010K, capacity 6125K, committed 6144K, reserved 1048576K
Event: 44,487 GC heap after
Heap after GC invocations=31 (full 12):
 par new generation   total 314560K, used 16374K [0x00000000c0000000, 0x00000000d5550000, 0x00000000d5550000)
  eden space 279616K,   0% used [0x00000000c0000000, 0x00000000c0000000, 0x00000000d1110000)
  from space 34944K,  46% used [0x00000000d3330000, 0x00000000d432d990, 0x00000000d5550000)
  to   space 34944K,   0% used [0x00000000d1110000, 0x00000000d1110000, 0x00000000d3330000)
 concurrent mark-sweep generation total 699072K, used 298102K [0x00000000d5550000, 0x0000000100000000, 0x0000000100000000)
 Metaspace       used 49636K, capacity 50037K, committed 50432K, reserved 1093632K
  class space    used 6010K, capacity 6125K, committed 6144K, reserved 1048576K
}
Event: 48,675 GC heap before
{Heap before GC invocations=31 (full 13):
 par new generation   total 314560K, used 295990K [0x00000000c0000000, 0x00000000d5550000, 0x00000000d5550000)
  eden space 279616K, 100% used [0x00000000c0000000, 0x00000000d1110000, 0x00000000d1110000)
  from space 34944K,  46% used [0x00000000d3330000, 0x00000000d432d990, 0x00000000d5550000)
  to   space 34944K,   0% used [0x00000000d1110000, 0x00000000d1110000, 0x00000000d3330000)
 concurrent mark-sweep generation total 699072K, used 298102K [0x00000000d5550000, 0x0000000100000000, 0x0000000100000000)
 Metaspace       used 49794K, capacity 50261K, committed 50560K, reserved 1093632K
  class space    used 6014K, capacity 6157K, committed 6272K, reserved 1048576K
Event: 48,703 GC heap after
Heap after GC invocations=32 (full 13):
 par new generation   total 314560K, used 13154K [0x00000000c0000000, 0x00000000d5550000, 0x00000000d5550000)
  eden space 279616K,   0% used [0x00000000c0000000, 0x00000000c0000000, 0x00000000d1110000)
  from space 34944K,  37% used [0x00000000d1110000, 0x00000000d1de8a48, 0x00000000d3330000)
  to   space 34944K,   0% used [0x00000000d3330000, 0x00000000d3330000, 0x00000000d5550000)
 concurrent mark-sweep generation total 699072K, used 312331K [0x00000000d5550000, 0x0000000100000000, 0x0000000100000000)
 Metaspace       used 49794K, capacity 50261K, committed 50560K, reserved 1093632K
  class space    used 6014K, capacity 6157K, committed 6272K, reserved 1048576K
}
Event: 52,837 GC heap before
{Heap before GC invocations=32 (full 13):
 par new generation   total 314560K, used 202024K [0x00000000c0000000, 0x00000000d5550000, 0x00000000d5550000)
  eden space 279616K,  67% used [0x00000000c0000000, 0x00000000cb871998, 0x00000000d1110000)
  from space 34944K,  37% used [0x00000000d1110000, 0x00000000d1de8a48, 0x00000000d3330000)
  to   space 34944K,   0% used [0x00000000d3330000, 0x00000000d3330000, 0x00000000d5550000)
 concurrent mark-sweep generation total 699072K, used 312331K [0x00000000d5550000, 0x0000000100000000, 0x0000000100000000)
 Metaspace       used 49900K, capacity 50325K, committed 50816K, reserved 1093632K
  class space    used 6021K, capacity 6157K, committed 6272K, reserved 1048576K
Event: 53,596 GC heap after
Heap after GC invocations=33 (full 14):
 par new generation   total 314560K, used 0K [0x00000000c0000000, 0x00000000d5550000, 0x00000000d5550000)
  eden space 279616K,   0% used [0x00000000c0000000, 0x00000000c0000000, 0x00000000d1110000)
  from space 34944K,   0% used [0x00000000d1110000, 0x00000000d1110000, 0x00000000d3330000)
  to   space 34944K,   0% used [0x00000000d3330000, 0x00000000d3330000, 0x00000000d5550000)
 concurrent mark-sweep generation total 699072K, used 300193K [0x00000000d5550000, 0x0000000100000000, 0x0000000100000000)
 Metaspace       used 49900K, capacity 50325K, committed 50816K, reserved 1093632K
  class space    used 6021K, capacity 6157K, committed 6272K, reserved 1048576K
}
Event: 55,945 GC heap before
{Heap before GC invocations=33 (full 14):
 par new generation   total 314560K, used 7738K [0x00000000c0000000, 0x00000000d5550000, 0x00000000d5550000)
  eden space 279616K,   2% used [0x00000000c0000000, 0x00000000c078ea58, 0x00000000d1110000)
  from space 34944K,   0% used [0x00000000d1110000, 0x00000000d1110000, 0x00000000d3330000)
  to   space 34944K,   0% used [0x00000000d3330000, 0x00000000d3330000, 0x00000000d5550000)
 concurrent mark-sweep generation total 699072K, used 300193K [0x00000000d5550000, 0x0000000100000000, 0x0000000100000000)
 Metaspace       used 49927K, capacity 50389K, committed 50816K, reserved 1093632K
  class space    used 6023K, capacity 6157K, committed 6272K, reserved 1048576K

